[0m13:35:07.072652 [debug] [MainThread]: Sending event: {'category': 'dbt', 'action': 'invocation', 'label': 'start', 'context': [<snowplow_tracker.self_describing_json.SelfDescribingJson object at 0x1116725d0>, <snowplow_tracker.self_describing_json.SelfDescribingJson object at 0x111687f90>, <snowplow_tracker.self_describing_json.SelfDescribingJson object at 0x111687fd0>]}


============================== 13:35:07.077765 | 250ef0ce-500d-48f6-b93e-bc5eea00e008 ==============================
[0m13:35:07.077765 [info ] [MainThread]: Running with dbt=1.8.5
[0m13:35:07.078142 [debug] [MainThread]: running dbt with arguments {'printer_width': '80', 'indirect_selection': 'eager', 'write_json': 'True', 'log_cache_events': 'False', 'partial_parse': 'True', 'cache_selected_only': 'False', 'profiles_dir': '/Users/danielquintana/.dbt', 'fail_fast': 'False', 'warn_error': 'None', 'log_path': 'logs', 'debug': 'False', 'version_check': 'True', 'use_colors': 'True', 'use_experimental_parser': 'False', 'no_print': 'None', 'quiet': 'False', 'empty': 'None', 'warn_error_options': 'WarnErrorOptions(include=[], exclude=[])', 'introspect': 'True', 'static_parser': 'True', 'invocation_command': 'dbt init', 'target_path': 'None', 'log_format': 'default', 'send_anonymous_usage_stats': 'True'}
[0m13:35:24.281053 [debug] [MainThread]: Starter project path: /Users/danielquintana/personal_projects/python-bigdata/dbt-projects/venv/lib/python3.11/site-packages/dbt/include/starter_project
[0m13:35:24.287348 [info ] [MainThread]: 
Your new dbt project "flight_prices" was created!

For more information on how to configure the profiles.yml file,
please consult the dbt documentation here:

  https://docs.getdbt.com/docs/configure-your-profile

One more thing:

Need help? Don't hesitate to reach out to us via GitHub issues or on Slack:

  https://community.getdbt.com/

Happy modeling!

[0m13:35:24.287623 [info ] [MainThread]: Setting up your profile.
[0m13:35:27.828643 [debug] [MainThread]: Resource report: {"command_name": "init", "command_success": true, "command_wall_clock_time": 20.808023, "process_user_time": 0.7695, "process_kernel_time": 0.165077, "process_mem_max_rss": "113000448", "process_in_blocks": "0", "process_out_blocks": "0"}
[0m13:35:27.829037 [debug] [MainThread]: Command `dbt init` succeeded at 13:35:27.828961 after 20.81 seconds
[0m13:35:27.829272 [debug] [MainThread]: Sending event: {'category': 'dbt', 'action': 'invocation', 'label': 'end', 'context': [<snowplow_tracker.self_describing_json.SelfDescribingJson object at 0x1110ea4d0>, <snowplow_tracker.self_describing_json.SelfDescribingJson object at 0x1044ff390>, <snowplow_tracker.self_describing_json.SelfDescribingJson object at 0x1045529d0>]}
[0m13:35:27.829485 [debug] [MainThread]: Flushing usage events
[0m13:37:18.665160 [debug] [MainThread]: Sending event: {'category': 'dbt', 'action': 'invocation', 'label': 'start', 'context': [<snowplow_tracker.self_describing_json.SelfDescribingJson object at 0x106f65510>, <snowplow_tracker.self_describing_json.SelfDescribingJson object at 0x106facf50>, <snowplow_tracker.self_describing_json.SelfDescribingJson object at 0x106fd4a10>]}


============================== 13:37:18.669151 | 9c27d40d-3612-4339-8f1b-847a03cb7e82 ==============================
[0m13:37:18.669151 [info ] [MainThread]: Running with dbt=1.8.5
[0m13:37:18.669493 [debug] [MainThread]: running dbt with arguments {'printer_width': '80', 'indirect_selection': 'eager', 'log_cache_events': 'False', 'write_json': 'True', 'partial_parse': 'True', 'cache_selected_only': 'False', 'warn_error': 'None', 'version_check': 'True', 'debug': 'False', 'log_path': 'logs', 'fail_fast': 'False', 'profiles_dir': '/Users/danielquintana/.dbt', 'use_colors': 'True', 'use_experimental_parser': 'False', 'empty': 'None', 'quiet': 'False', 'no_print': 'None', 'warn_error_options': 'WarnErrorOptions(include=[], exclude=[])', 'introspect': 'True', 'invocation_command': 'dbt debug', 'log_format': 'default', 'target_path': 'None', 'static_parser': 'True', 'send_anonymous_usage_stats': 'True'}
[0m13:37:18.677953 [info ] [MainThread]: dbt version: 1.8.5
[0m13:37:18.678686 [info ] [MainThread]: python version: 3.11.6
[0m13:37:18.678944 [info ] [MainThread]: python path: /Users/danielquintana/personal_projects/python-bigdata/dbt-projects/venv/bin/python
[0m13:37:18.679119 [info ] [MainThread]: os info: macOS-14.5-arm64-arm-64bit
[0m13:37:18.828415 [info ] [MainThread]: Using profiles dir at /Users/danielquintana/.dbt
[0m13:37:18.828744 [info ] [MainThread]: Using profiles.yml file at /Users/danielquintana/.dbt/profiles.yml
[0m13:37:18.828910 [info ] [MainThread]: Using dbt_project.yml file at /Users/danielquintana/personal_projects/python-bigdata/dbt-projects/dbt_project.yml
[0m13:37:18.829128 [error] [MainThread]: Encountered an error:
Internal Error
  Profile should not be None if loading profile completed
[0m13:37:18.830294 [debug] [MainThread]: Resource report: {"command_name": "debug", "command_wall_clock_time": 0.20580079, "process_user_time": 0.79284, "process_kernel_time": 0.153537, "process_mem_max_rss": "114720768", "command_success": false, "process_in_blocks": "0", "process_out_blocks": "0"}
[0m13:37:18.830618 [debug] [MainThread]: Command `dbt debug` failed at 13:37:18.830564 after 0.21 seconds
[0m13:37:18.830846 [debug] [MainThread]: Sending event: {'category': 'dbt', 'action': 'invocation', 'label': 'end', 'context': [<snowplow_tracker.self_describing_json.SelfDescribingJson object at 0x106fcab10>, <snowplow_tracker.self_describing_json.SelfDescribingJson object at 0x102aa3390>, <snowplow_tracker.self_describing_json.SelfDescribingJson object at 0x1043c8850>]}
[0m13:37:18.831058 [debug] [MainThread]: Flushing usage events
